<?xml version="1.0" encoding="UTF-8"?>
<testsuites>
  <testsuite id="0" name="/home/valeriy/Development/vue_skeleton/test/unit/store/spinner.spec.js" errors="0" package="/home/valeriy/Development/vue_skeleton/test/unit/store/spinner.spec.js" hostname="localhost" tests="4" failures="0" time="1.05" timestamp="2020-04-17T14:52:11">
    <properties>
    </properties>
    <testcase classname="Vuex Store Spinner" name="is activated (action)" time="0">
    </testcase>
    <testcase classname="Vuex Store Spinner" name="is deactivated (action)" time="0">
    </testcase>
    <testcase classname="Vuex Store Spinner" name="is activated (mutation)" time="0">
    </testcase>
    <testcase classname="Vuex Store Spinner" name="is deactivated (mutation)" time="0">
    </testcase>
    <system-out/>
    <system-err/>
  </testsuite>
  <testsuite id="1" name="/home/valeriy/Development/vue_skeleton/test/unit/store/user.spec.js" errors="0" package="/home/valeriy/Development/vue_skeleton/test/unit/store/user.spec.js" hostname="localhost" tests="5" failures="0" time="1.219" timestamp="2020-04-17T14:52:11">
    <properties>
    </properties>
    <testcase classname="Vuex Store User" name="is set - users (action)" time="0">
    </testcase>
    <testcase classname="Vuex Store User" name="is set - user (action)" time="0">
    </testcase>
    <testcase classname="Vuex Store User" name="is set - users (mutation)" time="0">
    </testcase>
    <testcase classname="Vuex Store User" name="is set - user (mutation)" time="0">
    </testcase>
    <testcase classname="Vuex Store User" name="is set - token (mutation)" time="0">
    </testcase>
    <system-out/>
    <system-err/>
  </testsuite>
  <testsuite id="2" name="/home/valeriy/Development/vue_skeleton/test/unit/components/Common/spinner.spec.js" errors="0" package="/home/valeriy/Development/vue_skeleton/test/unit/components/Common/spinner.spec.js" hostname="localhost" tests="1" failures="1" time="1.265" timestamp="2020-04-17T14:52:11">
    <properties>
    </properties>
    <testcase classname="UI Spinner" name="is visible" time="0">
      <failure message="TypeError: Cannot read property &apos;getters&apos; of undefined
    at VueComponent.mappedGetter (/home/valeriy/Development/vue_skeleton/node_modules/vuex/dist/vuex.common.js:924:73)
    at Watcher.get (/home/valeriy/Development/vue_skeleton/node_modules/vue/dist/vue.runtime.common.dev.js:4465:25)
    at Watcher.evaluate (/home/valeriy/Development/vue_skeleton/node_modules/vue/dist/vue.runtime.common.dev.js:4570:21)
    at Proxy.computedGetter (/home/valeriy/Development/vue_skeleton/node_modules/vue/dist/vue.runtime.common.dev.js:4819:17)
    at Proxy.render (/home/valeriy/Development/vue_skeleton/src/views/common/Spinner.vue:573:18)
    at VueComponent.Vue._render (/home/valeriy/Development/vue_skeleton/node_modules/vue/dist/vue.runtime.common.dev.js:3538:22)
    at VueComponent.updateComponent (/home/valeriy/Development/vue_skeleton/node_modules/vue/dist/vue.runtime.common.dev.js:4054:21)
    at Watcher.get (/home/valeriy/Development/vue_skeleton/node_modules/vue/dist/vue.runtime.common.dev.js:4465:25)
    at new Watcher (/home/valeriy/Development/vue_skeleton/node_modules/vue/dist/vue.runtime.common.dev.js:4454:12)
    at mountComponent (/home/valeriy/Development/vue_skeleton/node_modules/vue/dist/vue.runtime.common.dev.js:4061:3)
    at VueComponent.Object.&lt;anonymous&gt;.Vue.$mount (/home/valeriy/Development/vue_skeleton/node_modules/vue/dist/vue.runtime.common.dev.js:8392:10)
    at init (/home/valeriy/Development/vue_skeleton/node_modules/vue/dist/vue.runtime.common.dev.js:3112:13)
    at createComponent (/home/valeriy/Development/vue_skeleton/node_modules/vue/dist/vue.runtime.common.dev.js:5958:9)
    at createElm (/home/valeriy/Development/vue_skeleton/node_modules/vue/dist/vue.runtime.common.dev.js:5905:9)
    at VueComponent.patch [as __patch__] (/home/valeriy/Development/vue_skeleton/node_modules/vue/dist/vue.runtime.common.dev.js:6455:7)
    at VueComponent.Vue._update (/home/valeriy/Development/vue_skeleton/node_modules/vue/dist/vue.runtime.common.dev.js:3933:19)
    at VueComponent.updateComponent (/home/valeriy/Development/vue_skeleton/node_modules/vue/dist/vue.runtime.common.dev.js:4054:10)
    at Watcher.get (/home/valeriy/Development/vue_skeleton/node_modules/vue/dist/vue.runtime.common.dev.js:4465:25)
    at new Watcher (/home/valeriy/Development/vue_skeleton/node_modules/vue/dist/vue.runtime.common.dev.js:4454:12)
    at mountComponent (/home/valeriy/Development/vue_skeleton/node_modules/vue/dist/vue.runtime.common.dev.js:4061:3)
    at VueComponent.Object.&lt;anonymous&gt;.Vue.$mount (/home/valeriy/Development/vue_skeleton/node_modules/vue/dist/vue.runtime.common.dev.js:8392:10)
    at mount (/home/valeriy/Development/vue_skeleton/node_modules/@vue/test-utils/dist/vue-test-utils.js:13603:21)
    at shallowMount (/home/valeriy/Development/vue_skeleton/node_modules/@vue/test-utils/dist/vue-test-utils.js:13629:10)
    at Object.&lt;anonymous&gt; (/home/valeriy/Development/vue_skeleton/test/unit/components/Common/spinner.spec.js:36:19)
    at Object.asyncJestLifecycle (/home/valeriy/Development/vue_skeleton/node_modules/jest-jasmine2/build/jasmineAsyncInstall.js:53:37)
    at resolve (/home/valeriy/Development/vue_skeleton/node_modules/jest-jasmine2/build/queueRunner.js:43:12)
    at new Promise (&lt;anonymous&gt;)
    at mapper (/home/valeriy/Development/vue_skeleton/node_modules/jest-jasmine2/build/queueRunner.js:26:19)
    at promise.then (/home/valeriy/Development/vue_skeleton/node_modules/jest-jasmine2/build/queueRunner.js:73:41)
    at processTicksAndRejections (internal/process/task_queues.js:86:5)" type="AssertionError">
      </failure>
      <failure message="TypeError: Cannot read property &apos;dispatch&apos; of undefined
    at Object.&lt;anonymous&gt; (/home/valeriy/Development/vue_skeleton/test/unit/components/Common/spinner.spec.js:58:15)
    at Object.asyncJestTest (/home/valeriy/Development/vue_skeleton/node_modules/jest-jasmine2/build/jasmineAsyncInstall.js:102:37)
    at resolve (/home/valeriy/Development/vue_skeleton/node_modules/jest-jasmine2/build/queueRunner.js:43:12)
    at new Promise (&lt;anonymous&gt;)
    at mapper (/home/valeriy/Development/vue_skeleton/node_modules/jest-jasmine2/build/queueRunner.js:26:19)
    at promise.then (/home/valeriy/Development/vue_skeleton/node_modules/jest-jasmine2/build/queueRunner.js:73:41)
    at processTicksAndRejections (internal/process/task_queues.js:86:5)" type="AssertionError">
      </failure>
    </testcase>
    <system-out/>
    <system-err/>
  </testsuite>
  <testsuite id="3" name="/home/valeriy/Development/vue_skeleton/test/unit/services/token.service.test.js" errors="0" package="/home/valeriy/Development/vue_skeleton/test/unit/services/token.service.test.js" hostname="localhost" tests="5" failures="0" time="1.05" timestamp="2020-04-17T14:52:11">
    <properties>
    </properties>
    <testcase classname="TokenService" name="is stored and retrieved as a raw token" time="0">
    </testcase>
    <testcase classname="TokenService" name="is stored and retrieved as a parsed token" time="0">
    </testcase>
    <testcase classname="TokenService" name="is stored and cleared" time="0">
    </testcase>
    <testcase classname="TokenService" name="is an expired JWT token" time="0">
    </testcase>
    <testcase classname="TokenService" name="is an invalid JWT token" time="0">
    </testcase>
    <system-out/>
    <system-err/>
  </testsuite>
</testsuites>